<?xml version="1.0" encoding="UTF-8"?>
<testsuite xmlns:xsi="http://www.w3.org/2001/XMLSchema-instance" xsi:noNamespaceSchemaLocation="https://maven.apache.org/surefire/maven-surefire-plugin/xsd/surefire-test-report-3.0.xsd" version="3.0" name="com.example.LionTest" time="0.08" tests="5" errors="0" skipped="0" failures="0">
  <properties>
[...]
</properties>
  <testcase name="lionInvalidSex_ThrowsException" classname="com.example.LionTest" time="0.0"/>
  <testcase name="lionMale_HasMane" classname="com.example.LionTest" time="0.0"/>
  <testcase name="getKittens_DelegatesToFeline" classname="com.example.LionTest" time="0.062"/>
  <testcase name="getFood_DelegatesToFeline" classname="com.example.LionTest" time="0.008"/>
  <testcase name="lionFemale_NoMane" classname="com.example.LionTest" time="0.002"/>
</testsuite>